{
  "RSpec": {
    "coverage": {
      "/Users/lingtran/turing/3module/rails_engine/app/helpers/application_helper.rb": [
        1,
        null
      ],
      "/Users/lingtran/turing/3module/rails_engine/app/models/customer.rb": [
        1,
        1,
        1,
        null,
        1,
        1,
        1,
        1,
        null,
        1,
        2,
        2,
        0,
        0,
        null,
        0,
        null,
        null,
        null,
        1,
        null,
        2,
        2,
        0,
        0,
        null,
        0,
        null,
        null,
        null,
        1,
        1,
        null,
        null
      ],
      "/Users/lingtran/turing/3module/rails_engine/app/models/invoice_item.rb": [
        1,
        1,
        1,
        null,
        1,
        1,
        1,
        1,
        1,
        1,
        null,
        1,
        1,
        null,
        null
      ],
      "/Users/lingtran/turing/3module/rails_engine/app/models/invoice.rb": [
        1,
        1,
        1,
        1,
        1,
        1,
        null,
        1,
        1,
        1,
        1,
        1,
        null,
        1,
        4,
        2,
        null,
        2,
        null,
        null,
        null,
        1,
        4,
        2,
        null,
        2,
        null,
        null,
        null,
        1,
        1,
        null,
        null
      ],
      "/Users/lingtran/turing/3module/rails_engine/app/models/item.rb": [
        1,
        1,
        1,
        null,
        1,
        1,
        1,
        1,
        1,
        1,
        null,
        1,
        4,
        2,
        2,
        0,
        null,
        2,
        null,
        null,
        null,
        1,
        4,
        2,
        2,
        0,
        null,
        2,
        null,
        null,
        null,
        1,
        1,
        null,
        null
      ],
      "/Users/lingtran/turing/3module/rails_engine/app/models/merchant.rb": [
        1,
        1,
        null,
        1,
        1,
        1,
        1,
        null,
        1,
        1,
        1,
        null,
        1,
        2,
        2,
        null,
        0,
        null,
        null,
        null,
        1,
        2,
        2,
        null,
        0,
        null,
        null,
        null,
        1,
        1,
        null,
        null
      ],
      "/Users/lingtran/turing/3module/rails_engine/app/models/transaction.rb": [
        1,
        1,
        1,
        null,
        1,
        1,
        1,
        1,
        1,
        1,
        null,
        1,
        4,
        2,
        null,
        2,
        null,
        null,
        null,
        1,
        4,
        2,
        null,
        2,
        null,
        null,
        null,
        1,
        1,
        null,
        null
      ],
      "/Users/lingtran/turing/3module/rails_engine/app/controllers/api/api_controller.rb": [
        0,
        0,
        0,
        0
      ],
      "/Users/lingtran/turing/3module/rails_engine/app/controllers/api/v1/customers_controller.rb": [
        0,
        0,
        0,
        0,
        0,
        0,
        0,
        0,
        0,
        0,
        0,
        0,
        0,
        0,
        0,
        0,
        0,
        0,
        0,
        0,
        0,
        0,
        0,
        0,
        0,
        0
      ],
      "/Users/lingtran/turing/3module/rails_engine/app/controllers/api/v1/invoice_items_controller.rb": [
        0,
        0,
        0,
        0,
        0,
        0,
        0,
        0,
        0,
        0,
        0,
        0,
        0,
        0,
        0,
        0,
        0,
        0,
        0,
        0,
        0,
        0,
        0,
        0,
        0,
        0,
        0
      ],
      "/Users/lingtran/turing/3module/rails_engine/app/controllers/api/v1/invoices_controller.rb": [
        0,
        0,
        0,
        0,
        0,
        0,
        0,
        0,
        0,
        0,
        0,
        0,
        0,
        0,
        0,
        0,
        0,
        0,
        0,
        0,
        0,
        0,
        0,
        0,
        0,
        0,
        0
      ],
      "/Users/lingtran/turing/3module/rails_engine/app/controllers/api/v1/items_controller.rb": [
        0,
        0,
        0,
        0,
        0,
        0,
        0,
        0,
        0,
        0,
        0,
        0,
        0,
        0,
        0,
        0,
        0,
        0,
        0,
        0,
        0,
        0,
        0,
        0,
        0,
        0,
        0
      ],
      "/Users/lingtran/turing/3module/rails_engine/app/controllers/api/v1/merchants_controller.rb": [
        0,
        0,
        0,
        0,
        0,
        0,
        0,
        0,
        0,
        0,
        0,
        0,
        0,
        0,
        0,
        0,
        0,
        0,
        0,
        0,
        0,
        0,
        0,
        0,
        0,
        0
      ],
      "/Users/lingtran/turing/3module/rails_engine/app/controllers/api/v1/transactions_controller.rb": [
        0,
        0,
        0,
        0,
        0,
        0,
        0,
        0,
        0,
        0,
        0,
        0,
        0,
        0,
        0,
        0,
        0,
        0,
        0,
        0,
        0,
        0,
        0,
        0,
        0,
        0,
        0
      ],
      "/Users/lingtran/turing/3module/rails_engine/app/controllers/application_controller.rb": [
        0,
        0,
        0,
        0,
        0
      ]
    },
    "timestamp": 1464762370
  }
}
